         w __deregister_frame_info
         w __register_frame_info
         w userAppExit
         w userAppInit
00000000 00000401 B __ctru_dev_path_buf
00000000 b _TLS_MODULE_BASE_
00000000 a shift
00000000 a shift
00000404 00000802 B __ctru_dev_utf16_buf
00100000 A __start__
00100000 T _start
00100008 T __service_ptr
0010000c T __apt_appid
00100010 T __heap_size
00100014 T __linear_heap_size
00100018 T __system_arglist
0010001c T __system_runflags
00100020 t startup
00100058 t ClearMem
0010006c t ClrLoop
00100094 T _init
001000ac T __aeabi_idiv
001000ac 00000220 T __divsi3
001000b4 t .divsi3_skip_div0_test
001002cc 00000020 T __aeabi_idivmod
001002ec 00000004 W __aeabi_idiv0
001002ec 00000004 W __aeabi_ldiv0
001002f0 T __aeabi_ldivmod
001003c4 T __aeabi_uldivmod
00100408 00000390 T strcmp
00100790 t .udivsi3_skip_div0_test
00100790 T __aeabi_uidiv
00100790 000001ec T __udivsi3
0010097c 00000020 T __aeabi_uidivmod
0010099c T __aeabi_drsub
001009a4 000002b0 T __aeabi_dsub
001009a4 000002b0 T __subdf3
001009a8 000002ac T __adddf3
001009a8 000002ac T __aeabi_dadd
00100c54 00000024 T __aeabi_ui2d
00100c54 00000024 T __floatunsidf
00100c78 00000028 T __aeabi_i2d
00100c78 00000028 T __floatsidf
00100ca0 00000048 T __aeabi_f2d
00100ca0 00000048 T __extendsfdf2
00100ce8 00000074 T __aeabi_ul2d
00100ce8 00000074 T __floatundidf
00100cfc 00000060 T __aeabi_l2d
00100cfc 00000060 T __floatdidf
00100d5c t __do_global_dtors_aux
00100d9c t frame_dummy
00100dc8 00000080 T getInfo
00100e48 000000fc T printLogo
00100f44 000000e4 T main
00101028 00000178 T consoleDrawChar
001011a0 00000124 T consolePrintChar
001012c4 00000a00 T con_write
00101cc4 00000168 T consoleInit
00101e2c 000000f4 t newRow
00101f20 000000d0 t gfxPresentFramebuffer
00101ff0 0000001c T gfxIsWide
0010200c 000000ec T gfxSetScreenFormat
001020f8 00000010 T gfxSetDoubleBuffering
00102108 00000108 T gfxInit
00102210 00000010 T gfxInitDefault
00102220 000000b4 T gfxExit
001022d4 000000a0 T gfxGetFramebuffer
00102374 0000010c T gfxFlushBuffers
00102480 00000050 T gfxSwapBuffers
001024d0 00000050 T gfxSwapBuffersGpu
00102520 00000c58 t gspHardwareInit
00103178 00000254 T gspInit
001033cc 000000f0 T gspExit
001034bc 00000010 T gspHasGpuRight
001034cc 00000098 T gspPresentBuffer
00103564 00000050 T gspWaitForEvent
001035b4 00000004 W gxCmdQueueInterrupt
001035b8 00000160 t gspEventThreadMain
00103718 00000050 T GSPGPU_FlushDataCache
00103768 00000034 T GSPGPU_SetLcdForceBlack
0010379c 00000068 T GSPGPU_AcquireRight
00103804 00000048 T GSPGPU_ReleaseRight
0010384c 0000007c T GSPGPU_ImportDisplayCaptureInfo
001038c8 0000002c T GSPGPU_SaveVramSysArea
001038f4 0000002c T GSPGPU_RestoreVramSysArea
00103920 000001b0 t aptConvertScreenForCapture
00103ad0 00000008 W aptDspSleep
00103ad8 00000004 W aptDspWakeup
00103adc 00000004 W aptDspCancel
00103ae0 0000015c T aptSendCommand
00103c3c 00000038 t aptExitProcess
00103c74 000002f0 T aptExit
00103f64 000000d8 T aptHandleSleep
0010403c 00000084 T APT_SleepIfShellClosed
001040c0 00000084 T aptSetSleepAllowed
00104144 00000084 T APT_UnlockTransition
001041c8 00000484 t aptEventHandler
0010464c 000000b0 T APT_ReceiveParameter
001046fc 000000b0 t aptReceiveParameter.constprop.0
001047b0 000002bc t aptScreenTransfer
00104a6c 000002d0 t aptWaitForWakeUp.isra.0
00104d3c 000000f8 T aptJumpToHomeMenu
00104e34 0000004c T aptMainLoop
00104e80 00000234 T aptInit
001050b4 0000007c T APT_CheckNew3DS
00105130 00000024 W hidShouldUseIrrst
00105154 0000018c T hidInit
001052e0 000000e8 T hidExit
001053c8 00000294 T hidScanInput
0010565c 00000010 T hidKeysDown
0010566c 00000038 W __libctru_init
001056a4 000000f0 W __system_initArgv
00105794 T svcControlMemory
001057b4 T svcQueryMemory
001057e4 T svcExitProcess
001057ec T svcCreateThread
0010580c T svcExitThread
00105814 T svcSleepThread
0010581c T svcReleaseMutex
00105824 T svcCreateEvent
00105838 T svcSignalEvent
00105840 T svcClearEvent
00105848 T svcMapMemoryBlock
00105850 T svcUnmapMemoryBlock
00105858 T svcCreateAddressArbiter
0010586c T svcArbitrateAddressNoTimeout
00105874 T svcCloseHandle
0010587c T svcWaitSynchronization
00105884 T svcWaitSynchronizationN
001058ac T svcDuplicateHandle
001058c0 T svcGetSystemTick
001058c8 T svcConnectToPort
001058dc T svcSendSyncRequest
001058e4 T svcGetResourceLimit
001058f8 T svcGetResourceLimitLimitValues
00105900 T svcGetResourceLimitCurrentValues
00105908 T svcBreak
00105910 W initSystem
00105960 W __ctru_exit
00105978 00000024 t addrMapNodeComparator(rbtree_node const*, rbtree_node const*)
0010599c 00000004 t addrMapNodeDestructor(rbtree_node*)
001059a0 00000114 T vramMemAlign
00105ab4 00000008 T vramAlloc
00105abc 0000005c T vramFree
00105b18 00000024 t addrMapNodeComparator(rbtree_node const*, rbtree_node const*)
00105b3c 00000004 t addrMapNodeDestructor(rbtree_node*)
00105b40 00000120 T linearMemAlign
00105c60 00000008 T linearAlloc
00105c68 0000005c T linearFree
00105cc4 00000084 T MemPool::CoalesceRight(MemBlock*)
00105d48 00000170 T MemPool::Allocate(MemChunk&, unsigned long, int)
00105eb8 000000fc T MemPool::Deallocate(MemChunk const&)
00105fb4 0000000c T __sync_init
00105fc0 00000018 T __sync_fini
00105fd8 0000002c T syncArbitrateAddress
00106004 0000001c T LightLock_Init
00106020 00000094 T LightLock_Lock
001060b4 00000044 T LightLock_TryLock
001060f8 00000040 T LightLock_Unlock
00106138 00000024 T RecursiveLock_Init
0010615c 00000030 T RecursiveLock_Lock
0010618c 00000078 T RecursiveLock_TryLock
00106204 00000054 T RecursiveLock_Unlock
00106258 00000040 T LightEvent_Init
00106298 000000a4 T LightEvent_Clear
0010633c 000000c8 T LightEvent_Signal
00106404 00000058 T LightEvent_TryWait
0010645c 000000b0 T LightEvent_Wait
0010650c 00000054 T osGetTimeRef
00106560 000000e4 T osGetTime
00106644 00000074 T __libctru_gtod
001066b8 00000034 T __ctru_speedup_config
001066ec 00000124 T srvInit
00106810 00000058 T srvExit
00106868 00000080 T srvGetServiceHandleDirect
001068e8 00000048 T srvGetServiceHandle
00106930 00000038 T srvPublishToSubscriber
00106968 00000188 T threadCreate
00106af0 0000002c T threadFree
00106b1c 00000024 T threadJoin
00106b40 00000030 T threadGetCurrent
00106b70 00000040 T threadExit
00106bb0 00000044 t _thread_begin
00106bf4 00000094 t mappableFindAddressWithin
00106c88 00000028 T mappableInit
00106cb0 00000080 T mappableAlloc
00106d30 00000004 T mappableFree
00106d34 00000160 T irrstInit
00106e94 000000cc T irrstExit
00106f60 000000b0 T irrstScanInput
00107010 00000024 T irrstKeysHeld
00107034 0000000c T srvPmGetSessionHandle
00107040 00000074 T ptmSysmInit
001070b4 0000003c T ptmSysmExit
001070f0 00000034 T PTMSYSM_ConfigureNew3DSCPU
00107124 00000010 T rbtree_init
00107134 000001a0 t do_insert
001072d4 00000008 T rbtree_insert
001072dc 00000090 T rbtree_rotate
0010736c 00000338 T rbtree_remove
001076a4 00000074 T rbtree_find
00107718 00000030 W __appInit
00107748 00000030 t __libctru_nanosleep
00107778 00000030 t __libctru_get_reent
001077a8 000000f8 T __system_initSyscalls
001078a0 000001e0 W __system_allocateHeaps
00107a80 00000030 W __appExit
00107ab0 00000090 W __libctru_exit
00107b40 00000084 W envGetHandle
00107bc4 00000050 W envDestroyHandles
00107c14 00000014 t archive_link
00107c28 00000014 t archive_dirreset
00107c3c 00000014 t archive_chmod
00107c50 00000024 t error_cmp
00107c74 00000050 t archive_translate_error
00107cc4 000000d4 t archive_seek
00107d98 0000007c t _archiveInit.part.0
00107e14 0000008c t archiveFindDevice.part.0
00107ea0 00000294 t archive_utf16path
00108134 000000a0 t _archiveUnmountDeviceStruct.part.0
001081d4 00000014 t archive_fchmod
001081e8 00000014 t archive_statvfs
001081fc 00000158 t _archiveMountDevice
00108354 000000e8 t archive_diropen
0010843c 000000a4 t archive_fstat
001084e0 0000006c t archive_close
0010854c 0000006c t archive_fsync
001085b8 00000070 t archive_dirclose
00108628 000000e8 t sdmc_statvfs
00108710 00000080 t archive_ftruncate
00108790 000000fc t archive_chdir
0010888c 000000b0 t archive_read
0010893c 000000ac t archive_unlink
001089e8 000000c8 t archive_rmdir
00108ab0 000000ec t archive_mkdir
00108b9c 000001a8 t archive_stat
00108d44 00000184 t archive_rename
00108ec8 00000168 t archive_dirnext
00109030 0000012c t archive_write
0010915c 000001f0 t archive_open
0010934c 000001a4 T archiveMountSdmc
001094f0 00000054 T archiveUnmountAll
00109544 000000c8 T fsInit
0010960c 0000003c T fsExit
00109648 00000060 T fsExemptFromSession
001096a8 00000050 T fsUnexemptFromSession
001096f8 000000cc T FSUSER_OpenFile
001097c4 000000bc T FSUSER_DeleteFile
00109880 000000f8 T FSUSER_RenameFile
00109978 000000bc T FSUSER_DeleteDirectory
00109a34 000000d4 T FSUSER_CreateFile
00109b08 000000c4 T FSUSER_CreateDirectory
00109bcc 000000f8 T FSUSER_RenameDirectory
00109cc4 000000b4 T FSUSER_OpenDirectory
00109d78 00000094 T FSUSER_OpenArchive
00109e0c 0000008c T FSUSER_CloseArchive
00109e98 00000074 T FSUSER_GetSdmcArchiveResource
00109f0c 00000064 T FSUSER_IsSdmcWritable
00109f70 00000058 T FSFILE_Read
00109fc8 00000060 T FSFILE_Write
0010a028 00000038 T FSFILE_GetSize
0010a060 00000028 T FSFILE_SetSize
0010a088 0000003c T FSFILE_Close
0010a0c4 00000024 T FSFILE_Flush
0010a0e8 00000050 T FSDIR_Read
0010a138 0000003c T FSDIR_Close
0010a174 00000050 T rbtree_node_next
0010a1c4 000000e8 T utf16_to_utf8
0010a2ac 00000064 T decode_utf16
0010a310 0000013c T decode_utf8
0010a44c 000000c0 T utf8_to_utf16
0010a50c T __aeabi_read_tp
0010a518 00000060 T encode_utf16
0010a578 000000fc T encode_utf8
0010a674 00000120 T __udivmoddi4
0010a794 00000078 T bsearch
0010a80c 0000000c T __errno
0010a818 00000034 T exit
0010a84c 00000160 T _fclose_r
0010a9ac 00000020 T fclose
0010a9cc 00000258 T __sflush_r
0010ac24 00000094 T _fflush_r
0010acb8 00000038 T fflush
0010acf0 000001a0 T _fgets_r
0010ae90 00000030 T fgets
0010aec0 0000000c T _cleanup_r
0010aecc 00000184 T __sinit
0010b050 00000134 T __sfp
0010b184 0000000c T __sfp_lock_acquire
0010b190 0000000c T __sfp_lock_release
0010b19c 0000003c T __libc_fini_array
0010b1d8 00000140 T _fopen_r
0010b318 00000028 T fopen
0010b340 000000f8 T _malloc_trim_r
0010b438 000002e4 T _free_r
0010b71c 0000001c T _fseek_r
0010b738 000004f8 T _fseeko_r
0010bc30 000001bc T _ftello_r
0010bdec 00000068 T _fwalk
0010be54 00000070 T _fwalk_reent
0010bec4 0000007c T __libc_init_array
0010bf40 00000034 T iprintf
0010bf74 00000020 T localtime
0010bf94 00000388 T localtime_r
0010c31c 00000138 T __smakebuf_r
0010c454 00000094 T __swhatbuf_r
0010c4e8 00000028 T memalign
0010c510 00000148 T _memalign_r
0010c658 00000020 T malloc
0010c678 00000020 T free
0010c698 000007f0 T _malloc_r
0010ce88 000000e0 T memchr
0010cf68 0000011c T memcpy
0010d084 00000118 T memset
0010d19c 0000000c T __malloc_lock
0010d1a8 0000000c T __malloc_unlock
0010d1b4 00000034 T printf
0010d1e8 000000e0 T _puts_r
0010d2c8 00000020 T puts
0010d2e8 0000001c t lflush
0010d304 000001ac T __srefill_r
0010d4b0 0000002c T rewind
0010d4dc 00000260 T setvbuf
0010d73c 00000074 T sscanf
0010d7b0 00000044 T __sread
0010d7f4 00000008 T __seofread
0010d7fc 00000068 T __swrite
0010d864 00000048 T __sseek
0010d8ac 00000008 T __sclose
0010d8b4 0000005c T strlen
0010d910 000000ec T strncat
0010d9fc 000000dc T strncmp
0010dad8 000000c0 T strncpy
0010db98 00000048 T strnlen
0010dbe0 00000050 t get_arg
0010dc30 00002b68 T __ssvfscanf_r
00110798 0000003c T time
001107d4 00000240 T __tzcalc_limits
00110a14 0000000c T __tz_lock
00110a20 0000000c T __tz_unlock
00110a2c 00000010 T _tzset_unlocked
00110a3c 00000474 T _tzset_unlocked_r
00110eb0 0000064c t get_arg
001114fc 00000034 T __sprint_r
00111530 00002584 T _vfiprintf_r
00113ab4 000000d4 t __sbprintf
00113b88 0000064c t get_arg
001141d8 000038d4 T _vfprintf_r
00117aac 000000d4 t __sbprintf
00117b80 00000054 T _wcrtomb_r
00117bd4 00000028 T _wcsrtombs_r
00117bfc 00000154 T __swsetup_r
00117d50 00000114 T __call_exitprocs
00117e64 000001a8 t quorem
00118010 000012ec T _dtoa_r
001192fc 000000c8 T __sflags
001193c4 000004a4 T __sfvwrite_r
00119868 000000c8 T _findenv_r
00119930 00000018 T _getenv_r
00119948 0000000c T __gettzinfo
00119954 00000274 T gmtime_r
00119bc8 00000008 T iswspace
00119bd0 0000000c T _localeconv_r
00119bdc 00000010 T __locale_mb_cur_max
00119bec 00000068 T _mbrtowc_r
00119c54 000002fc T __utf8_mbtowc
00119f50 00000154 T memmove
0011a0a4 00000088 T _Balloc
0011a12c 0000001c T _Bfree
0011a148 000000f4 T __multadd
0011a23c 00000110 T __s2b
0011a34c 00000058 T __hi0bits
0011a3a4 0000009c T __lo0bits
0011a440 000000a4 T __i2b
0011a4e4 00000204 T __multiply
0011a6e8 00000120 T __pow5mult
0011a808 0000013c T __lshift
0011a944 00000058 T __mcmp
0011a99c 000001cc T __mdiff
0011ab68 00000088 T __ulp
0011abf0 000000d4 T __b2d
0011acc4 0000012c T __d2b
0011adf0 00000078 T __ratio
0011ae68 00000088 T __copybits
0011aef0 0000005c T __any_on
0011af4c 00000028 T realloc
0011af74 00000598 T _realloc_r
0011b50c 000000e4 T __sccl
0011b5f0 0000000c T nanf
0011b600 000000a8 T frexp
0011b6a8 00000074 T siscanf
0011b71c 00000064 T sprintf
0011b780 000000b8 T stpncpy
0011b838 00000144 T strchr
0011b97c 000000f0 T strcpy
0011ba70 0000130c T _strtod_l
0011cd7c 0000000c T _strtod_r
0011cd88 0000022c t _strtoll_l.constprop.0
0011cfb4 00000004 T _strtoll_r
0011cfb8 000001b0 t _strtol_l.part.0
0011d168 0000003c T _strtol_r
0011d1a4 00000244 t _strtoull_l.constprop.0
0011d3e8 00000004 T _strtoull_r
0011d3ec 000001c8 t _strtoul_l.constprop.0
0011d5b4 00000004 T _strtoul_r
0011d5b8 00000030 T strtoul
0011d5e8 00000188 T __ssprint_r
0011d770 00000050 t get_arg
0011d7c0 000000e0 T _sungetc_r
0011d8a0 0000006c T __ssrefill_r
0011d90c 000000c8 T _sfread_r
0011d9d4 000022d0 T __ssvfiscanf_r
0011fca4 0000064c t get_arg
001202f0 00003808 T _svfprintf_r
00123af8 000000a8 T __submore
00123ba0 00000190 T _wcsnrtombs_l
00123d30 0000004c T _wcsnrtombs_r
00123d7c 000000f0 T __utf8_wctomb
00123e6c 0000005c T __assert_func
00123ec8 00000094 T _calloc_r
00123f5c 0000000c T __env_lock
00123f68 0000000c T __env_unlock
00123f74 0000003c T fiprintf
00123fb0 000000ec t rshift
0012409c 00000928 T __gethex
001249c4 0000004c T __match
00124a10 0000029c T __hexnan
00124cac 0000003c T iswspace_l
00124ce8 000001d4 t __jp2uc
00124ebc 0000009c T _jp2uc_l
00124f58 00000010 T nan
00124f68 00000014 T abort
00124f7c 00000084 T category
00125000 00000098 T _raise_r
00125098 00000020 T raise
001250b8 00000008 t null_write
001250c0 00000018 T setDefaultDevice
001250d8 000000c8 T FindDevice
001251a0 00000028 T RemoveDevice
001251c8 0000009c T AddDevice
00125264 00000020 T GetDeviceOpTab
00125284 00000078 T _fstat_r
001252fc 00000014 T _getpid_r
00125310 00000038 T _gettimeofday_r
00125348 00000008 T _isatty_r
00125350 00000014 T _kill_r
00125364 00000084 T _lseek_r
001253e8 000000c8 T _open_r
001254b0 00000080 T _read_r
00125530 00000078 T _sbrk_r
001255a8 00000080 T _write_r
00125628 00000024 T _exit
0012564c 000001b8 T _concatenate_path
00125804 00000160 T chdir
00125964 00000008 T __flockfile
0012596c 00000008 T __funlockfile
00125974 00000018 T __libc_lock_acquire
0012598c 00000018 T __libc_lock_release
001259a4 00000018 T __libc_lock_init_recursive
001259bc 00000018 T __libc_lock_acquire_recursive
001259d4 00000018 T __libc_lock_release_recursive
001259ec 00000018 T __libc_lock_close_recursive
00125a04 0000008c T __release_handle
00125a90 000000b4 T __alloc_handle
00125b44 0000003c T __get_handle
00125b80 000000f4 T _close_r
00125c74 00000028 T __getreent
00125c9c 00000038 T __aeabi_d2lz
00125c9c 00000038 T __fixdfdi
00125cd8 00000040 T __aeabi_d2ulz
00125cd8 00000040 T __fixunsdfdi
00125d18 00000044 T strrchr
00125d5c T _fini
001262f4 00000030 r colorTable
00126324 00000070 r dotab_stdout
001263b8 00000008 r morton_x.3
001263c0 00000008 r morton_y.2
001263c8 00000008 r s_sleepWakeEvents.4
001263e8 R default_font_bin
00126be8 R default_font_bin_end
00126c20 00000070 r archive_devoptab
00126c90 00000030 r error_table
00126cc8 00000004 R _global_impure_ptr
00126ccc 00000060 R __month_lengths
00126d34 00000022 r basefix.0
00126dd4 00000010 r blanks.1
00126de4 00000010 r zeroes.0
00126e08 00000010 r blanks.1
00126e18 00000010 r zeroes.0
00126e28 00000101 R _ctype_
00126f3c r .LC2
00127020 00000028 R __mprec_bigtens
00127048 000000c8 R __mprec_tens
00127110 0000000c r p05.0
0012712c 00000014 r fpi.1
00127140 00000014 r fpinan.0
00127158 00000028 r tinytens
00127180 0000006c R __action_table
001271ec 00000100 R __chclass
001272ec 0000006c R __state_table
00127358 00000022 r basefix.0
0012737c 00000010 r blanks.1
0012738c 00000010 r zeroes.0
00127424 00000100 R __hexdig
00127538 000000bc r a1
001275f4 000000bc r a2
001276b0 0000005b r a3
0012770c 00000070 r a6
0012777c 000000a2 r a7
00127820 00000040 r a8
00127860 0000172a r b02cf
00128f8c 00001a7c r d02f4
0012aa08 0000000c R _C_numeric_locale
0012aa14 000031e6 r categories
0012dbfc 00000070 R dotab_stdnull
0012dc6c r 
0012dc6c R __exidx_end
0012dc6c R __exidx_start
0012e000 00000004 D pmin
0012e004 00000004 D currentConsole
0012e008 0000004c D defaultConsole
0012e054 00000001 d firstConsoleInit.0
0012e058 00000004 d kCount
0012e05c 00000004 d kDelay
0012e060 00000004 d kInterval
0012e064 W __stacksize__
0012e068 0000000c d __sfp_recursive_mutex
0012e074 0000000c d __sinit_recursive_mutex
0012e080 00000004 D _impure_ptr
0012e088 00000460 d impure_data
0012e4e8 00000408 D __malloc_av_
0012e8f0 00000004 D __malloc_sbrk_base
0012e8f4 00000004 D __malloc_trim_threshold
0012e8f8 0000000c d __malloc_recursive_mutex
0012e904 00000004 d __tz_mutex
0012e908 00000008 D _tzname
0012e910 0000000c D __atexit_recursive_mutex
0012e920 00000058 d tzinfo
0012e978 0000016c D __global_locale
0012eae4 00000004 D environ
0012eae8 0000000c d __env_recursive_mutex
0012eaf4 00000002 d numempty
0012eaf8 00000004 d defaultDevice
0012eafc 0000008c D devoptab_list
0012eb88 00000400 d _current_working_directory
0012ef88 00000004 d __hndl_lock
0012ef8c 0000000c d __stderr_handle
0012ef98 0000000c d __stdin_handle
0012efa4 0000000c d __stdout_handle
0012efb0 00001000 d handles
0012ffb8 d _GLOBAL_OFFSET_TABLE_
0012ffc4 d __frame_dummy_init_array_entry
0012ffc4 D __init_array_start
0012ffc4 B __preinit_array_end
0012ffc4 B __preinit_array_start
0012ffc4 D __tdata_lma
0012ffc4 D __tdata_lma_end
0012ffc8 d __do_global_dtors_aux_fini_array_entry
0012ffc8 D __fini_array_start
0012ffc8 D __init_array_end
0012ffcc D __bss_start__
0012ffcc D __fini_array_end
0012ffcc 000000f0 B info
001300bc 00000004 B hours
001300c0 00000004 B minutes
001300c4 b completed.1
001300c8 b object.0
001300e0 0000004c B currentCopy
0013012c 00000004 b gfxBottomFramebufferMaxSize
00130130 00000008 b gfxBottomFramebuffers
00130138 00000002 b gfxCurBuf
0013013c 00000002 b gfxFramebufferFormats
00130140 00000002 b gfxIsDoubleBuf
00130142 00000001 b gfxIsVram
00130144 00000004 b gfxTopFramebufferMaxSize
00130148 00000008 b gfxTopFramebuffers
00130150 00000001 b gfxTopMode
00130154 00000004 b screenAlloc
00130158 00000004 b screenFree
0013015c 00000004 b gspEvent
00130160 0000001c b gspEventCb
0013017c 0000001c b gspEventCbData
00130198 00000007 b gspEventCbOneShot
001301a0 00000004 b gspEventThread
001301a4 00000038 b gspEvents
001301dc 00000004 b gspGpuHandle
001301e0 00000001 b gspGpuRight
001301e4 00000004 b gspLastEvent
001301e8 00000004 b gspRefCount
001301ec 00000001 b gspRunEvents
001301f0 00000004 b gspSharedMem
001301f4 00000004 b gspSharedMemHandle
001301f8 00000001 b gspThreadId
001301f9 00000001 b aptChainloadFlags
001301fa 00000001 b aptChainloadMediatype
00130200 00000008 b aptChainloadTid
00130208 00000004 b aptEventHandlerThread
0013020c 00000001 b aptEventHandlerThreadQuit
00130210 00000008 b aptEvents
00130218 0000000c b aptFirstHook
00130224 00000004 b aptFlags
00130228 00000001 b aptHomeButtonState
0013022c 00000004 b aptLockHandle
00130230 00000004 b aptMessageFunc
00130234 00000004 b aptMessageFuncData
00130238 00001000 b aptParameters
00131238 00000008 b aptReceiveEvent
00131240 00000004 b aptRefCount
00131244 00000008 b aptSleepEvent
0013124c 00000001 b flagInit.1
0013124d 00000001 b flagValue.0
00131250 00000004 b serviceName.6
00131254 00000006 b aVec
0013125c 00000004 b cPos
00131260 00000006 b gRate
00131268 00000014 B hidEvents
0013127c 00000004 B hidHandle
00131280 00000004 B hidMemHandle
00131284 00000004 b hidRefCount
00131288 00000004 B hidSharedMem
0013128c 00000004 b kDown
00131290 00000004 b kHeld
00131294 00000004 b kOld
00131298 00000004 b kRepeat
0013129c 00000004 b kUp
001312a0 00000004 b tPos
001312a4 00000001 b usingIrrst
001312a8 00000004 B __system_retAddr
001312ac 00000004 B __system_argc
001312b0 00000004 B __system_argv
001312b4 b saved_stack
001312bc 0000000c b sAddrMap
001312c8 00000008 b sVramPool
001312d0 00000008 b sLinearPool
001312d8 0000000c b sAddrMap
001312e4 00000004 b arbiter
001312e8 00000001 V __ctru_speedup
001312ec 00000004 b srvHandle
001312f0 00000004 b srvRefCount
001312f4 00000004 b currentAddr
001312f8 00000004 b maxAddr
001312fc 00000004 b minAddr
00131300 00000004 b csPos
00131304 00000004 B irrstEvent
00131308 00000004 B irrstHandle
0013130c 00000004 B irrstMemHandle
00131310 00000004 b irrstRefCount
00131314 00000004 B irrstSharedMem
00131318 00000004 b kHeld
0013131c 00000004 b srvPmHandle
00131320 00000004 b ptmSysmHandle
00131324 00000004 b ptmSysmRefCount
00131328 00000004 B __ctru_heap
0013132c 00000004 V __ctru_heap_size
00131330 00000004 B __ctru_linear_heap
00131334 00000004 V __ctru_linear_heap_size
00131338 00000004 b archive_device_cwd
00131340 00000540 b archive_devices
00131880 00000001 b archive_initialized
00131888 00000080 b fsExemptArchives
00131908 00000004 b fsuHandle
0013190c 00000004 b fsuRefCount
00131910 00000028 B __malloc_current_mallinfo
00131938 00000004 B __malloc_max_sbrked_mem
0013193c 00000004 B __malloc_max_total_mem
00131940 00000004 B __malloc_top_pad
00131944 0000000b b __tzname_dst
00131950 0000000b b __tzname_std
0013195c 00000004 b prev_tzenv
00131960 00000004 B _daylight
00131964 00000004 B _timezone
00131968 00000004 b initial_env
0013196c 00000004 b heap_start.0
00131970 00000004 B fake_heap_end
00131974 00000004 B fake_heap_start
00131978 00000400 b temp_cwd
00131d78 00000048 B __syscalls
00131dc0 B __tls_start
001329c8 B __bss_end__
001329c8 A __end__
001329c8 B __tls_end
